<?xml version="1.0" encoding="UTF-8"?>
<!-- Generated by org.testng.reporters.JUnitReportReporter -->
<testsuite hostname="Vishals-MacBook-Air.local" failures="0" tests="1" name="com.zenohealth.tests.web.DemoTest" time="65.392" errors="0" timestamp="2023-12-06T20:00:05 IST" skipped="0">
  <testcase classname="com.zenohealth.tests.web.DemoTest" name="testLogin" time="65.392"/>
  <system-out/>
</testsuite> <!-- com.zenohealth.tests.web.DemoTest -->
