<?xml version="1.0" encoding="UTF-8"?>
<!-- Generated by org.testng.reporters.JUnitReportReporter -->
<testsuite hostname="Vishals-MacBook-Air.local" failures="0" tests="1" name="com.zenohealth.tests.web.OneMgCheckoutFlowTest" time="72.525" errors="0" timestamp="2023-12-07T13:43:44 IST" skipped="0">
  <testcase classname="com.zenohealth.tests.web.OneMgCheckoutFlowTest" name="testAddToCart" time="72.525"/>
  <system-out/>
</testsuite> <!-- com.zenohealth.tests.web.OneMgCheckoutFlowTest -->
