<?xml version="1.0" encoding="UTF-8"?>
<!-- Generated by org.testng.reporters.JUnitReportReporter -->
<testsuite hostname="Vishals-MacBook-Air.local" failures="0" tests="1" name="com.zenohealth.tests.DemoTest" time="66.191" errors="0" timestamp="2023-12-03T20:18:37 IST" skipped="0">
  <testcase classname="com.zenohealth.tests.DemoTest" name="testLogin" time="66.191"/>
  <system-out/>
</testsuite> <!-- com.zenohealth.tests.DemoTest -->
