<?xml version="1.0" encoding="UTF-8"?>
<!-- Generated by org.testng.reporters.JUnitReportReporter -->
<testsuite hostname="Vishals-MacBook-Air.local" failures="0" tests="1" name="com.zenohealth.tests.api.ReqresTest" time="1.744" errors="0" timestamp="2023-12-05T12:37:59 IST" skipped="0">
  <testcase classname="com.zenohealth.tests.api.ReqresTest" name="createNewUser" time="1.744"/>
  <system-out/>
</testsuite> <!-- com.zenohealth.tests.api.ReqresTest -->
